dpkg-buildpackage: info: pakiet źródłowy nas-web
dpkg-buildpackage: info: wersja pakietu źródłowego 1.2.0-1
dpkg-buildpackage: info: dystrybucja źródła unstable
dpkg-buildpackage: info: źródła zmienione przez Jan Kowalski <jan.kowalski@example.com>
 dpkg-source --before-build .
dpkg-buildpackage: info: architektura gościa amd64
 debian/rules clean
dh clean --buildsystem=makefile
   dh_auto_clean -O--buildsystem=makefile
	make -j2 clean
make[1]: Wejście do katalogu '/home/zaba/Pobrane/vue/webserver'
rm -f src/main.o src/config.o src/router.o dist/nas-web  
rmdir dist 2>/dev/null || true
make[1]: Opuszczenie katalogu '/home/zaba/Pobrane/vue/webserver'
   dh_autoreconf_clean -O--buildsystem=makefile
   dh_clean -O--buildsystem=makefile
 debian/rules build
dh build --buildsystem=makefile
   dh_update_autotools_config -O--buildsystem=makefile
   dh_autoreconf -O--buildsystem=makefile
   dh_auto_configure -O--buildsystem=makefile
   dh_auto_build -O--buildsystem=makefile
	make -j2 "INSTALL=install --strip-program=true"
make[1]: Wejście do katalogu '/home/zaba/Pobrane/vue/webserver'
mkdir -p dist
gcc -Wall -Wextra -pedantic -std=c11 -g -c src/main.c -o src/main.o
gcc -Wall -Wextra -pedantic -std=c11 -g -c src/config.c -o src/config.o
gcc -Wall -Wextra -pedantic -std=c11 -g -c src/router.c -o src/router.o
gcc -Wall -Wextra -pedantic -std=c11 -g src/main.o src/config.o src/router.o -o dist/nas-web -lcrypto -lssl
make[1]: Opuszczenie katalogu '/home/zaba/Pobrane/vue/webserver'
   dh_auto_test -O--buildsystem=makefile
   create-stamp debian/debhelper-build-stamp
 debian/rules binary
dh binary --buildsystem=makefile
   dh_testroot -O--buildsystem=makefile
   dh_prep -O--buildsystem=makefile
   dh_installdirs -O--buildsystem=makefile
   debian/rules override_dh_auto_install
make[1]: Wejście do katalogu '/home/zaba/Pobrane/vue/webserver'
# Utwórz docelowe katalogi
install -d debian/nas-web/var/log/nas-web
install -d debian/nas-web/etc/nas-web
# Zainstaluj plik wykonywalny
cp -p dist/nas-web debian/nas-web/usr/local/bin/
#install -m 644 debian/config/config.conf debian/nas-web/etc/nas-web/
# Zainstaluj usługę systemd
install -D -m 644 debian/nas-web.service debian/nas-web/lib/systemd/system/
make[1]: Opuszczenie katalogu '/home/zaba/Pobrane/vue/webserver'
   dh_install -O--buildsystem=makefile
   dh_installdocs -O--buildsystem=makefile
   dh_installchangelogs -O--buildsystem=makefile
   dh_installinit -O--buildsystem=makefile
   dh_installsystemd -O--buildsystem=makefile
   dh_installsystemduser -O--buildsystem=makefile
   dh_perl -O--buildsystem=makefile
   dh_link -O--buildsystem=makefile
   dh_strip_nondeterminism -O--buildsystem=makefile
   dh_compress -O--buildsystem=makefile
   dh_fixperms -O--buildsystem=makefile
   dh_missing -O--buildsystem=makefile
   dh_dwz -a -O--buildsystem=makefile
   dh_strip -a -O--buildsystem=makefile
f2ff7633aa777817d3cc387f0553262f49f50e9c
   dh_makeshlibs -a -O--buildsystem=makefile
   dh_shlibdeps -a -O--buildsystem=makefile
   dh_installdeb -O--buildsystem=makefile
   dh_gencontrol -O--buildsystem=makefile
   dh_md5sums -O--buildsystem=makefile
   dh_builddeb -O--buildsystem=makefile
dpkg-deb: budowanie pakietu "nas-web" w "../nas-web_1.2.0-1_amd64.deb".
dpkg-deb: budowanie pakietu "nas-web-dbgsym" w "debian/.debhelper/scratch-space/build-nas-web/nas-web-dbgsym_1.2.0-1_amd64.deb".
	Renaming nas-web-dbgsym_1.2.0-1_amd64.deb to nas-web-dbgsym_1.2.0-1_amd64.ddeb
 dpkg-genbuildinfo --build=binary -O../nas-web_1.2.0-1_amd64.buildinfo
 dpkg-genchanges --build=binary -O../nas-web_1.2.0-1_amd64.changes
dpkg-genchanges: info: wydanie tylko binarne (bez żadnych źródeł)
 dpkg-source --after-build .
dpkg-buildpackage: info: wydanie tylko binarne (bez żadnych źródeł)
